c:\users\csdd16888\desktop\專題\fix\imgui directx 9 kiero hook 2\debug\vc143.pdb
c:\users\csdd16888\desktop\專題\fix\imgui directx 9 kiero hook 2\debug\vc143.idb
c:\users\csdd16888\desktop\專題\fix\imgui directx 9 kiero hook 2\debug\main.obj
c:\users\csdd16888\desktop\專題\fix\imgui directx 9 kiero hook 2\debug\kiero.obj
c:\users\csdd16888\desktop\專題\fix\imgui directx 9 kiero hook 2\debug\imgui_widgets.obj
c:\users\csdd16888\desktop\專題\fix\imgui directx 9 kiero hook 2\debug\imgui_impl_win32.obj
c:\users\csdd16888\desktop\專題\fix\imgui directx 9 kiero hook 2\debug\imgui_impl_dx9.obj
c:\users\csdd16888\desktop\專題\fix\imgui directx 9 kiero hook 2\debug\imgui_draw.obj
c:\users\csdd16888\desktop\專題\fix\imgui directx 9 kiero hook 2\debug\imgui_demo.obj
c:\users\csdd16888\desktop\專題\fix\imgui directx 9 kiero hook 2\debug\imgui.obj
c:\users\csdd16888\desktop\專題\fix\imgui directx 9 kiero hook 2\debug\trampoline.obj
c:\users\csdd16888\desktop\專題\fix\imgui directx 9 kiero hook 2\debug\hook.obj
c:\users\csdd16888\desktop\專題\fix\imgui directx 9 kiero hook 2\debug\hde64.obj
c:\users\csdd16888\desktop\專題\fix\imgui directx 9 kiero hook 2\debug\hde32.obj
c:\users\csdd16888\desktop\專題\fix\imgui directx 9 kiero hook 2\debug\buffer.obj
c:\users\csdd16888\desktop\專題\fix\imgui directx 9 kiero hook 2\debug\minhook.res
c:\users\csdd16888\desktop\專題\fix\debug\imgui directx 9 kiero hook 2.dll
c:\users\csdd16888\desktop\專題\fix\imgui directx 9 kiero hook 2\debug\imgui di.11ea4a46.tlog\cl.command.1.tlog
c:\users\csdd16888\desktop\專題\fix\imgui directx 9 kiero hook 2\debug\imgui di.11ea4a46.tlog\cl.read.1.tlog
c:\users\csdd16888\desktop\專題\fix\imgui directx 9 kiero hook 2\debug\imgui di.11ea4a46.tlog\cl.write.1.tlog
c:\users\csdd16888\desktop\專題\fix\imgui directx 9 kiero hook 2\debug\imgui di.11ea4a46.tlog\link.command.1.tlog
c:\users\csdd16888\desktop\專題\fix\imgui directx 9 kiero hook 2\debug\imgui di.11ea4a46.tlog\link.read.1.tlog
c:\users\csdd16888\desktop\專題\fix\imgui directx 9 kiero hook 2\debug\imgui di.11ea4a46.tlog\link.write.1.tlog
c:\users\csdd16888\desktop\專題\fix\imgui directx 9 kiero hook 2\debug\imgui di.11ea4a46.tlog\rc.command.1.tlog
c:\users\csdd16888\desktop\專題\fix\imgui directx 9 kiero hook 2\debug\imgui di.11ea4a46.tlog\rc.read.1.tlog
c:\users\csdd16888\desktop\專題\fix\imgui directx 9 kiero hook 2\debug\imgui di.11ea4a46.tlog\rc.write.1.tlog
